{"level":"info","message":"Server started successfully","service":"backend-api","timestamp":"2026-02-16T06:55:12.053Z"}
{"level":"info","message":"🚀 Server URL: http://localhost:5000","service":"backend-api","timestamp":"2026-02-16T06:55:12.057Z"}
{"level":"info","message":"📊 Health Check: http://localhost:5000/health","service":"backend-api","timestamp":"2026-02-16T06:55:12.058Z"}
{"level":"info","message":"Server started successfully","service":"backend-api","timestamp":"2026-02-16T06:55:21.718Z"}
{"level":"info","message":"🚀 Server URL: http://localhost:5000","service":"backend-api","timestamp":"2026-02-16T06:55:21.722Z"}
{"level":"info","message":"📊 Health Check: http://localhost:5000/health","service":"backend-api","timestamp":"2026-02-16T06:55:21.723Z"}
{"level":"info","message":"Server started successfully","service":"backend-api","timestamp":"2026-02-16T06:55:36.765Z"}
{"level":"info","message":"🚀 Server URL: http://localhost:5000","service":"backend-api","timestamp":"2026-02-16T06:55:36.774Z"}
{"level":"info","message":"📊 Health Check: http://localhost:5000/health","service":"backend-api","timestamp":"2026-02-16T06:55:36.778Z"}
{"duration":"36ms","level":"info","message":"Request completed","method":"GET","path":"/api/attribute-types","requestId":"1771224944553-lleq2saen","service":"backend-api","statusCode":304,"timestamp":"2026-02-16T06:55:44.590Z"}
{"duration":"9ms","level":"info","message":"Request completed","method":"GET","path":"/api/attribute-types","requestId":"1771224944592-007arvah3","service":"backend-api","statusCode":304,"timestamp":"2026-02-16T06:55:44.601Z"}
{"level":"info","message":"Server started successfully","service":"backend-api","timestamp":"2026-02-16T06:55:47.163Z"}
{"level":"info","message":"🚀 Server URL: http://localhost:5000","service":"backend-api","timestamp":"2026-02-16T06:55:47.168Z"}
{"level":"info","message":"📊 Health Check: http://localhost:5000/health","service":"backend-api","timestamp":"2026-02-16T06:55:47.169Z"}
{"level":"info","message":"Server started successfully","service":"backend-api","timestamp":"2026-02-16T06:55:59.766Z"}
{"level":"info","message":"🚀 Server URL: http://localhost:5000","service":"backend-api","timestamp":"2026-02-16T06:55:59.777Z"}
{"level":"info","message":"📊 Health Check: http://localhost:5000/health","service":"backend-api","timestamp":"2026-02-16T06:55:59.778Z"}
{"duration":"34ms","level":"info","message":"Request completed","method":"GET","path":"/api/inventory/stats?","requestId":"1771225022561-vuj8ww0hm","service":"backend-api","statusCode":304,"timestamp":"2026-02-16T06:57:02.595Z"}
{"duration":"36ms","level":"info","message":"Request completed","method":"GET","path":"/api/warehouses","requestId":"1771225022564-igt7pa3gb","service":"backend-api","statusCode":304,"timestamp":"2026-02-16T06:57:02.601Z"}
{"duration":"15ms","level":"info","message":"Request completed","method":"GET","path":"/api/inventory/stats?","requestId":"1771225022617-h6g4f9dae","service":"backend-api","statusCode":304,"timestamp":"2026-02-16T06:57:02.633Z"}
{"duration":"19ms","level":"info","message":"Request completed","method":"GET","path":"/api/warehouses","requestId":"1771225022620-w379m42kp","service":"backend-api","statusCode":304,"timestamp":"2026-02-16T06:57:02.639Z"}
{"duration":"101ms","level":"info","message":"Request completed","method":"GET","path":"/api/inventory?page=1&limit=50","requestId":"1771225022548-rrsiucynl","service":"backend-api","statusCode":304,"timestamp":"2026-02-16T06:57:02.651Z"}
{"duration":"52ms","level":"info","message":"Request completed","method":"GET","path":"/api/inventory?page=1&limit=50","requestId":"1771225022654-xoe8ojezf","service":"backend-api","statusCode":304,"timestamp":"2026-02-16T06:57:02.706Z"}
{"duration":"33ms","level":"info","message":"Request completed","method":"GET","path":"/api/categories?status=active&isDeleted=false","requestId":"1771225177736-t4294wjja","service":"backend-api","statusCode":304,"timestamp":"2026-02-16T06:59:37.770Z"}
{"duration":"42ms","level":"info","message":"Request completed","method":"GET","path":"/api/categories?status=active&isDeleted=false","requestId":"1771225177771-p5hwi7dm1","service":"backend-api","statusCode":304,"timestamp":"2026-02-16T06:59:37.813Z"}
{"duration":"41ms","level":"info","message":"Request completed","method":"GET","path":"/api/products?status=active&isDeleted=false&category=6978589989f9728a1ee3b8ec&limit=100","requestId":"1771225177774-0rqwuqc27","service":"backend-api","statusCode":304,"timestamp":"2026-02-16T06:59:37.816Z"}
{"duration":"16ms","level":"info","message":"Request completed","method":"GET","path":"/api/products?status=active&isDeleted=false&category=6978589989f9728a1ee3b8ec&limit=100","requestId":"1771225177817-83y6gmfei","service":"backend-api","statusCode":304,"timestamp":"2026-02-16T06:59:37.834Z"}
{"duration":"4ms","level":"info","message":"Request completed","method":"GET","path":"/uploads/1770804154384.jpg","requestId":"1771225177839-1jo1evv1f","service":"backend-api","statusCode":304,"timestamp":"2026-02-16T06:59:37.845Z"}
{"duration":"18ms","level":"info","message":"Request completed","method":"GET","path":"/api/products/slug/fold-6","requestId":"1771225179060-8ovlyck9t","service":"backend-api","statusCode":304,"timestamp":"2026-02-16T06:59:39.078Z"}
{"duration":"12ms","level":"info","message":"Request completed","method":"GET","path":"/api/inventory/product/698c16f46d627036d3cb56f7","requestId":"1771225179088-fwx5ajiso","service":"backend-api","statusCode":304,"timestamp":"2026-02-16T06:59:39.100Z"}
{"duration":"24ms","level":"info","message":"Request completed","method":"GET","path":"/api/products/slug/fold-6","requestId":"1771225179080-vd4nv1awq","service":"backend-api","statusCode":304,"timestamp":"2026-02-16T06:59:39.104Z"}
{"duration":"24ms","level":"info","message":"Request completed","method":"GET","path":"/api/variants?productId=698c16f46d627036d3cb56f7","requestId":"1771225179086-mdqwa59hg","service":"backend-api","statusCode":304,"timestamp":"2026-02-16T06:59:39.110Z"}
{"duration":"7ms","level":"info","message":"Request completed","method":"GET","path":"/api/inventory/product/698c16f46d627036d3cb56f7","requestId":"1771225179111-aff0hhv88","service":"backend-api","statusCode":304,"timestamp":"2026-02-16T06:59:39.118Z"}
{"duration":"18ms","level":"info","message":"Request completed","method":"GET","path":"/api/variants?productId=698c16f46d627036d3cb56f7","requestId":"1771225179114-9kv1lebnf","service":"backend-api","statusCode":304,"timestamp":"2026-02-16T06:59:39.132Z"}
{"duration":"16ms","level":"info","message":"Request completed","method":"GET","path":"/api/attribute-types","requestId":"1771225179123-yzjboyzd5","service":"backend-api","statusCode":304,"timestamp":"2026-02-16T06:59:39.139Z"}
{"duration":"9ms","level":"info","message":"Request completed","method":"GET","path":"/api/attribute-types","requestId":"1771225179142-3yjavhvzh","service":"backend-api","statusCode":304,"timestamp":"2026-02-16T06:59:39.151Z"}
{"level":"info","message":"Server started successfully","service":"backend-api","timestamp":"2026-02-16T07:00:58.715Z"}
{"level":"info","message":"🚀 Server URL: http://localhost:5000","service":"backend-api","timestamp":"2026-02-16T07:00:58.721Z"}
{"level":"info","message":"📊 Health Check: http://localhost:5000/health","service":"backend-api","timestamp":"2026-02-16T07:00:58.722Z"}
{"level":"info","message":"Server started successfully","service":"backend-api","timestamp":"2026-02-16T07:01:08.110Z"}
{"level":"info","message":"🚀 Server URL: http://localhost:5000","service":"backend-api","timestamp":"2026-02-16T07:01:08.114Z"}
{"level":"info","message":"📊 Health Check: http://localhost:5000/health","service":"backend-api","timestamp":"2026-02-16T07:01:08.114Z"}
{"level":"info","message":"Server started successfully","service":"backend-api","timestamp":"2026-02-16T07:01:17.055Z"}
{"level":"info","message":"🚀 Server URL: http://localhost:5000","service":"backend-api","timestamp":"2026-02-16T07:01:17.066Z"}
{"level":"info","message":"📊 Health Check: http://localhost:5000/health","service":"backend-api","timestamp":"2026-02-16T07:01:17.070Z"}
{"level":"info","message":"Server started successfully","service":"backend-api","timestamp":"2026-02-16T07:01:28.141Z"}
{"level":"info","message":"🚀 Server URL: http://localhost:5000","service":"backend-api","timestamp":"2026-02-16T07:01:28.156Z"}
{"level":"info","message":"📊 Health Check: http://localhost:5000/health","service":"backend-api","timestamp":"2026-02-16T07:01:28.160Z"}
{"level":"info","message":"Server started successfully","service":"backend-api","timestamp":"2026-02-16T07:01:39.610Z"}
{"level":"info","message":"🚀 Server URL: http://localhost:5000","service":"backend-api","timestamp":"2026-02-16T07:01:39.613Z"}
{"level":"info","message":"📊 Health Check: http://localhost:5000/health","service":"backend-api","timestamp":"2026-02-16T07:01:39.614Z"}
{"level":"info","message":"Server started successfully","service":"backend-api","timestamp":"2026-02-16T07:02:10.689Z"}
{"level":"info","message":"🚀 Server URL: http://localhost:5000","service":"backend-api","timestamp":"2026-02-16T07:02:10.692Z"}
{"level":"info","message":"📊 Health Check: http://localhost:5000/health","service":"backend-api","timestamp":"2026-02-16T07:02:10.693Z"}
{"duration":"47ms","level":"info","message":"Request completed","method":"GET","path":"/api/attribute-types","requestId":"1771225355410-agyzf3akj","service":"backend-api","statusCode":200,"timestamp":"2026-02-16T07:02:35.459Z"}
{"duration":"12ms","level":"info","message":"Request completed","method":"GET","path":"/api/attribute-types","requestId":"1771225355462-fzax9wcpp","service":"backend-api","statusCode":304,"timestamp":"2026-02-16T07:02:35.475Z"}
{"duration":"45ms","level":"info","message":"Request completed","method":"GET","path":"/api/products","requestId":"1771225356659-dvh663svr","service":"backend-api","statusCode":304,"timestamp":"2026-02-16T07:02:36.704Z"}
{"duration":"46ms","level":"info","message":"Request completed","method":"GET","path":"/api/categories?status=active","requestId":"1771225356662-7uo07ldju","service":"backend-api","statusCode":304,"timestamp":"2026-02-16T07:02:36.709Z"}
{"duration":"28ms","level":"info","message":"Request completed","method":"GET","path":"/api/products","requestId":"1771225356710-e449ki82i","service":"backend-api","statusCode":304,"timestamp":"2026-02-16T07:02:36.738Z"}
{"duration":"28ms","level":"info","message":"Request completed","method":"GET","path":"/api/categories?status=active","requestId":"1771225356714-m2x6ir79w","service":"backend-api","statusCode":304,"timestamp":"2026-02-16T07:02:36.742Z"}
{"duration":"2ms","level":"info","message":"Request completed","method":"GET","path":"/uploads/1770804154384.jpg","requestId":"1771225356757-i6zfpb9hj","service":"backend-api","statusCode":304,"timestamp":"2026-02-16T07:02:36.760Z"}
{"duration":"3ms","level":"info","message":"Request completed","method":"GET","path":"/uploads/1770788596636.webp","requestId":"1771225356758-cahy9ruzm","service":"backend-api","statusCode":304,"timestamp":"2026-02-16T07:02:36.761Z"}
{"duration":"33ms","level":"info","message":"Request completed","method":"GET","path":"/api/products/698c53ba0e032963a2a1917c","requestId":"1771225358844-2rxpfmotb","service":"backend-api","statusCode":304,"timestamp":"2026-02-16T07:02:38.877Z"}
{"duration":"34ms","level":"info","message":"Request completed","method":"GET","path":"/api/sizes?status=active","requestId":"1771225358846-0kyow6hz4","service":"backend-api","statusCode":304,"timestamp":"2026-02-16T07:02:38.880Z"}
{"duration":"35ms","level":"info","message":"Request completed","method":"GET","path":"/api/colors?status=active","requestId":"1771225358850-gb4las1xf","service":"backend-api","statusCode":304,"timestamp":"2026-02-16T07:02:38.885Z"}
{"duration":"36ms","level":"info","message":"Request completed","method":"GET","path":"/api/variants/product/698c53ba0e032963a2a1917c","requestId":"1771225358853-v75t386is","service":"backend-api","statusCode":200,"timestamp":"2026-02-16T07:02:38.889Z"}
{"duration":"30ms","level":"info","message":"Request completed","method":"GET","path":"/api/products/698c53ba0e032963a2a1917c","requestId":"1771225358890-9vhb74bxf","service":"backend-api","statusCode":304,"timestamp":"2026-02-16T07:02:38.921Z"}
{"duration":"31ms","level":"info","message":"Request completed","method":"GET","path":"/api/sizes?status=active","requestId":"1771225358892-53jz21xv1","service":"backend-api","statusCode":304,"timestamp":"2026-02-16T07:02:38.924Z"}
{"duration":"33ms","level":"info","message":"Request completed","method":"GET","path":"/api/colors?status=active","requestId":"1771225358896-1zdptoffz","service":"backend-api","statusCode":304,"timestamp":"2026-02-16T07:02:38.929Z"}
{"duration":"36ms","level":"info","message":"Request completed","method":"GET","path":"/api/variants/product/698c53ba0e032963a2a1917c","requestId":"1771225358899-nq172epet","service":"backend-api","statusCode":304,"timestamp":"2026-02-16T07:02:38.935Z"}
{"duration":"4ms","level":"info","message":"Request completed","method":"GET","path":"/uploads/1770804290685.jpg","requestId":"1771225358936-fzrcrt86b","service":"backend-api","statusCode":304,"timestamp":"2026-02-16T07:02:38.942Z"}
{"duration":"7ms","level":"info","message":"Request completed","method":"GET","path":"/uploads/1770804290689.jpg","requestId":"1771225358939-jh69shtop","service":"backend-api","statusCode":304,"timestamp":"2026-02-16T07:02:38.946Z"}
{"duration":"7ms","level":"info","message":"Request completed","method":"GET","path":"/uploads/1770804290701.jpg","requestId":"1771225358940-73h9srx4z","service":"backend-api","statusCode":304,"timestamp":"2026-02-16T07:02:38.947Z"}
{"duration":"11ms","level":"info","message":"Request completed","method":"GET","path":"/uploads/1770804290702.jpg","requestId":"1771225358941-mjjp2wpu1","service":"backend-api","statusCode":304,"timestamp":"2026-02-16T07:02:38.952Z"}
{"duration":"25ms","level":"info","message":"Request completed","method":"GET","path":"/api/products/698c53ba0e032963a2a1917c","requestId":"1771225358955-ufpbvnduu","service":"backend-api","statusCode":304,"timestamp":"2026-02-16T07:02:38.980Z"}
{"duration":"28ms","level":"info","message":"Request completed","method":"GET","path":"/api/sizes?status=active&limit=100","requestId":"1771225358957-0x5hcwqsp","service":"backend-api","statusCode":304,"timestamp":"2026-02-16T07:02:38.985Z"}
{"duration":"29ms","level":"info","message":"Request completed","method":"GET","path":"/api/colors?status=active&limit=100","requestId":"1771225358960-dare49w2u","service":"backend-api","statusCode":304,"timestamp":"2026-02-16T07:02:38.990Z"}
{"duration":"48ms","level":"info","message":"Request completed","method":"GET","path":"/api/products/698c53ba0e032963a2a1917c","requestId":"1771225358991-xzlu42hig","service":"backend-api","statusCode":304,"timestamp":"2026-02-16T07:02:39.039Z"}
{"duration":"58ms","level":"info","message":"Request completed","method":"GET","path":"/api/sizes?status=active&limit=100","requestId":"1771225358995-mkbolycka","service":"backend-api","statusCode":304,"timestamp":"2026-02-16T07:02:39.053Z"}
{"duration":"61ms","level":"info","message":"Request completed","method":"GET","path":"/api/colors?status=active&limit=100","requestId":"1771225358997-68jsq902x","service":"backend-api","statusCode":304,"timestamp":"2026-02-16T07:02:39.058Z"}
{"duration":"32ms","level":"info","message":"Request completed","method":"GET","path":"/api/products/698c53ba0e032963a2a1917c","requestId":"1771225821090-suph5qgpq","service":"backend-api","statusCode":304,"timestamp":"2026-02-16T07:10:21.122Z"}
{"duration":"32ms","level":"info","message":"Request completed","method":"GET","path":"/api/sizes?status=active","requestId":"1771225821092-hw4mgpzru","service":"backend-api","statusCode":304,"timestamp":"2026-02-16T07:10:21.124Z"}
{"duration":"32ms","level":"info","message":"Request completed","method":"GET","path":"/api/colors?status=active","requestId":"1771225821094-ldcotaxaf","service":"backend-api","statusCode":304,"timestamp":"2026-02-16T07:10:21.126Z"}
{"duration":"34ms","level":"info","message":"Request completed","method":"GET","path":"/api/variants/product/698c53ba0e032963a2a1917c","requestId":"1771225821096-ch5vhq8qo","service":"backend-api","statusCode":304,"timestamp":"2026-02-16T07:10:21.132Z"}
{"duration":"34ms","level":"info","message":"Request completed","method":"GET","path":"/api/products/698c53ba0e032963a2a1917c","requestId":"1771225821133-p8fx6y09i","service":"backend-api","statusCode":304,"timestamp":"2026-02-16T07:10:21.168Z"}
{"duration":"35ms","level":"info","message":"Request completed","method":"GET","path":"/api/sizes?status=active","requestId":"1771225821137-o07bvr8p8","service":"backend-api","statusCode":304,"timestamp":"2026-02-16T07:10:21.173Z"}
{"duration":"41ms","level":"info","message":"Request completed","method":"GET","path":"/api/colors?status=active","requestId":"1771225821139-3p9olt73p","service":"backend-api","statusCode":304,"timestamp":"2026-02-16T07:10:21.180Z"}
{"duration":"48ms","level":"info","message":"Request completed","method":"GET","path":"/api/variants/product/698c53ba0e032963a2a1917c","requestId":"1771225821140-smyw3cv8i","service":"backend-api","statusCode":304,"timestamp":"2026-02-16T07:10:21.188Z"}
{"duration":"12ms","level":"info","message":"Request completed","method":"GET","path":"/uploads/1770804154384.jpg","requestId":"1771225821177-q027qzqy8","service":"backend-api","statusCode":304,"timestamp":"2026-02-16T07:10:21.189Z"}
{"duration":"2ms","level":"info","message":"Request completed","method":"GET","path":"/uploads/1770804290685.jpg","requestId":"1771225821191-3fdru2tqz","service":"backend-api","statusCode":304,"timestamp":"2026-02-16T07:10:21.193Z"}
{"duration":"3ms","level":"info","message":"Request completed","method":"GET","path":"/uploads/1770804290689.jpg","requestId":"1771225821191-pcx4uw0vt","service":"backend-api","statusCode":304,"timestamp":"2026-02-16T07:10:21.194Z"}
{"duration":"3ms","level":"info","message":"Request completed","method":"GET","path":"/uploads/1770804290701.jpg","requestId":"1771225821192-6muifkslp","service":"backend-api","statusCode":304,"timestamp":"2026-02-16T07:10:21.195Z"}
{"duration":"2ms","level":"info","message":"Request completed","method":"GET","path":"/uploads/1770804290702.jpg","requestId":"1771225821199-hkg2uglnw","service":"backend-api","statusCode":304,"timestamp":"2026-02-16T07:10:21.201Z"}
{"duration":"32ms","level":"info","message":"Request completed","method":"GET","path":"/api/products/698c53ba0e032963a2a1917c","requestId":"1771225821208-jcwhupk3p","service":"backend-api","statusCode":304,"timestamp":"2026-02-16T07:10:21.240Z"}
{"duration":"33ms","level":"info","message":"Request completed","method":"GET","path":"/api/sizes?status=active&limit=100","requestId":"1771225821210-ghrdtenax","service":"backend-api","statusCode":304,"timestamp":"2026-02-16T07:10:21.244Z"}
{"duration":"39ms","level":"info","message":"Request completed","method":"GET","path":"/api/colors?status=active&limit=100","requestId":"1771225821212-pkislz57l","service":"backend-api","statusCode":304,"timestamp":"2026-02-16T07:10:21.251Z"}
{"duration":"39ms","level":"info","message":"Request completed","method":"GET","path":"/api/products/698c53ba0e032963a2a1917c","requestId":"1771225821254-70n9adzfx","service":"backend-api","statusCode":304,"timestamp":"2026-02-16T07:10:21.294Z"}
{"duration":"41ms","level":"info","message":"Request completed","method":"GET","path":"/api/sizes?status=active&limit=100","requestId":"1771225821259-synuy3udp","service":"backend-api","statusCode":304,"timestamp":"2026-02-16T07:10:21.300Z"}
{"duration":"41ms","level":"info","message":"Request completed","method":"GET","path":"/api/colors?status=active&limit=100","requestId":"1771225821264-jtx28r499","service":"backend-api","statusCode":304,"timestamp":"2026-02-16T07:10:21.305Z"}
{"duration":"18ms","level":"info","message":"Request completed","method":"GET","path":"/api/products","requestId":"1771225823185-jnjolliq9","service":"backend-api","statusCode":304,"timestamp":"2026-02-16T07:10:23.203Z"}
{"duration":"22ms","level":"info","message":"Request completed","method":"GET","path":"/api/categories?status=active","requestId":"1771225823186-vejj46h4p","service":"backend-api","statusCode":304,"timestamp":"2026-02-16T07:10:23.208Z"}
{"duration":"29ms","level":"info","message":"Request completed","method":"GET","path":"/api/products","requestId":"1771225823209-k22d8fx26","service":"backend-api","statusCode":304,"timestamp":"2026-02-16T07:10:23.239Z"}
{"duration":"27ms","level":"info","message":"Request completed","method":"GET","path":"/api/categories?status=active","requestId":"1771225823214-1ekulnxit","service":"backend-api","statusCode":304,"timestamp":"2026-02-16T07:10:23.242Z"}
{"duration":"1ms","level":"info","message":"Request completed","method":"GET","path":"/uploads/1770788596636.webp","requestId":"1771225823264-y5sfb66te","service":"backend-api","statusCode":304,"timestamp":"2026-02-16T07:10:23.266Z"}
{"duration":"6ms","level":"info","message":"Request completed","method":"GET","path":"/api/attribute-types","requestId":"1771225824073-k3nuhn1l2","service":"backend-api","statusCode":304,"timestamp":"2026-02-16T07:10:24.080Z"}
{"duration":"9ms","level":"info","message":"Request completed","method":"GET","path":"/api/attribute-types","requestId":"1771225824082-cg19c0xau","service":"backend-api","statusCode":304,"timestamp":"2026-02-16T07:10:24.092Z"}
{"duration":"5ms","level":"info","message":"Request completed","method":"GET","path":"/api/colors?page=1&limit=4&sort=newest","requestId":"1771225825071-3ufjpk9vv","service":"backend-api","statusCode":304,"timestamp":"2026-02-16T07:10:25.076Z"}
{"duration":"4ms","level":"info","message":"Request completed","method":"GET","path":"/api/colors?page=1&limit=4&sort=newest","requestId":"1771225825077-1h3fo2j8a","service":"backend-api","statusCode":304,"timestamp":"2026-02-16T07:10:25.081Z"}
{"duration":"6ms","level":"info","message":"Request completed","method":"GET","path":"/api/sizes?page=1&limit=5&sort=priority","requestId":"1771225826975-gqvnxc4xr","service":"backend-api","statusCode":304,"timestamp":"2026-02-16T07:10:26.981Z"}
{"duration":"6ms","level":"info","message":"Request completed","method":"GET","path":"/api/sizes?page=1&limit=5&sort=priority","requestId":"1771225826982-mk0fihp6f","service":"backend-api","statusCode":304,"timestamp":"2026-02-16T07:10:26.989Z"}
{"level":"info","message":"Server started successfully","service":"backend-api","timestamp":"2026-02-16T07:10:33.301Z"}
{"level":"info","message":"🚀 Server URL: http://localhost:5000","service":"backend-api","timestamp":"2026-02-16T07:10:33.307Z"}
{"level":"info","message":"📊 Health Check: http://localhost:5000/health","service":"backend-api","timestamp":"2026-02-16T07:10:33.308Z"}
{"duration":"75ms","level":"info","message":"Request completed","method":"GET","path":"/api/attribute-types","requestId":"1771225833538-s3apf0ypr","service":"backend-api","statusCode":304,"timestamp":"2026-02-16T07:10:33.618Z"}
{"duration":"77ms","level":"info","message":"Request completed","method":"GET","path":"/api/attribute-types","requestId":"1771225833646-bbqhf22y3","service":"backend-api","statusCode":304,"timestamp":"2026-02-16T07:10:33.723Z"}
{"duration":"42ms","level":"info","message":"Request completed","method":"GET","path":"/api/products","requestId":"1771225834252-3lr56d26u","service":"backend-api","statusCode":304,"timestamp":"2026-02-16T07:10:34.295Z"}
{"duration":"44ms","level":"info","message":"Request completed","method":"GET","path":"/api/categories?status=active","requestId":"1771225834255-hgzuv28dn","service":"backend-api","statusCode":304,"timestamp":"2026-02-16T07:10:34.299Z"}
{"duration":"32ms","level":"info","message":"Request completed","method":"GET","path":"/api/products","requestId":"1771225834300-6q9ddkcm2","service":"backend-api","statusCode":304,"timestamp":"2026-02-16T07:10:34.333Z"}
{"duration":"34ms","level":"info","message":"Request completed","method":"GET","path":"/api/categories?status=active","requestId":"1771225834304-uxh0i138s","service":"backend-api","statusCode":304,"timestamp":"2026-02-16T07:10:34.339Z"}
{"duration":"4ms","level":"info","message":"Request completed","method":"GET","path":"/uploads/1770804154384.jpg","requestId":"1771225834352-vbac7ychz","service":"backend-api","statusCode":304,"timestamp":"2026-02-16T07:10:34.357Z"}
{"duration":"4ms","level":"info","message":"Request completed","method":"GET","path":"/uploads/1770788596636.webp","requestId":"1771225834354-coyy1hlpk","service":"backend-api","statusCode":304,"timestamp":"2026-02-16T07:10:34.359Z"}
{"level":"info","message":"Server started successfully","service":"backend-api","timestamp":"2026-02-16T07:10:47.872Z"}
{"level":"info","message":"🚀 Server URL: http://localhost:5000","service":"backend-api","timestamp":"2026-02-16T07:10:47.877Z"}
{"level":"info","message":"📊 Health Check: http://localhost:5000/health","service":"backend-api","timestamp":"2026-02-16T07:10:47.878Z"}
{"duration":"58ms","level":"info","message":"Request completed","method":"GET","path":"/api/categories?status=active&isDeleted=false","requestId":"1771225880522-pbsdn8lju","service":"backend-api","statusCode":304,"timestamp":"2026-02-16T07:11:20.584Z"}
{"duration":"47ms","level":"info","message":"Request completed","method":"GET","path":"/api/categories?status=active&isDeleted=false","requestId":"1771225880587-5ceyzw7ii","service":"backend-api","statusCode":304,"timestamp":"2026-02-16T07:11:20.634Z"}
{"duration":"48ms","level":"info","message":"Request completed","method":"GET","path":"/api/products?status=active&isDeleted=false&limit=50","requestId":"1771225880590-hwfarcjrs","service":"backend-api","statusCode":304,"timestamp":"2026-02-16T07:11:20.638Z"}
{"duration":"27ms","level":"info","message":"Request completed","method":"GET","path":"/api/products?status=active&isDeleted=false&limit=50","requestId":"1771225880639-iz1t0b2e4","service":"backend-api","statusCode":304,"timestamp":"2026-02-16T07:11:20.666Z"}
{"duration":"8ms","level":"info","message":"Request completed","method":"GET","path":"/uploads/1770117636878.png","requestId":"1771225880660-lr8ydh4hw","service":"backend-api","statusCode":304,"timestamp":"2026-02-16T07:11:20.668Z"}
{"duration":"7ms","level":"info","message":"Request completed","method":"GET","path":"/uploads/1770117771395.png","requestId":"1771225880662-x8x7rhhw8","service":"backend-api","statusCode":304,"timestamp":"2026-02-16T07:11:20.669Z"}
{"duration":"8ms","level":"info","message":"Request completed","method":"GET","path":"/uploads/1770117853024.png","requestId":"1771225880663-ynwdl98bn","service":"backend-api","statusCode":304,"timestamp":"2026-02-16T07:11:20.671Z"}
{"duration":"10ms","level":"info","message":"Request completed","method":"GET","path":"/uploads/1770117925679.png","requestId":"1771225880663-r542g0o0y","service":"backend-api","statusCode":304,"timestamp":"2026-02-16T07:11:20.673Z"}
{"duration":"10ms","level":"info","message":"Request completed","method":"GET","path":"/uploads/1770117984491.png","requestId":"1771225880664-t7x57srsg","service":"backend-api","statusCode":304,"timestamp":"2026-02-16T07:11:20.674Z"}
{"duration":"2ms","level":"info","message":"Request completed","method":"GET","path":"/uploads/1770118319852.png","requestId":"1771225880676-9swxivqzr","service":"backend-api","statusCode":304,"timestamp":"2026-02-16T07:11:20.678Z"}
{"duration":"3ms","level":"info","message":"Request completed","method":"GET","path":"/uploads/1770117430398.png","requestId":"1771225880677-opb4yhzyw","service":"backend-api","statusCode":304,"timestamp":"2026-02-16T07:11:20.680Z"}
{"duration":"2ms","level":"info","message":"Request completed","method":"GET","path":"/uploads/1770118254156.png","requestId":"1771225880681-x0kc5r36m","service":"backend-api","statusCode":304,"timestamp":"2026-02-16T07:11:20.683Z"}
{"duration":"2ms","level":"info","message":"Request completed","method":"GET","path":"/uploads/1770117487912.png","requestId":"1771225880682-ud7mhra3b","service":"backend-api","statusCode":304,"timestamp":"2026-02-16T07:11:20.684Z"}
{"duration":"1ms","level":"info","message":"Request completed","method":"GET","path":"/uploads/1770117373710.png","requestId":"1771225880685-fgbm97lwl","service":"backend-api","statusCode":304,"timestamp":"2026-02-16T07:11:20.687Z"}
{"duration":"1ms","level":"info","message":"Request completed","method":"GET","path":"/uploads/1770118553304.png","requestId":"1771225880688-2abmv7xxb","service":"backend-api","statusCode":304,"timestamp":"2026-02-16T07:11:20.690Z"}
{"duration":"3ms","level":"info","message":"Request completed","method":"GET","path":"/uploads/1770118630377.png","requestId":"1771225880689-9jq5hefmg","service":"backend-api","statusCode":304,"timestamp":"2026-02-16T07:11:20.692Z"}
{"duration":"1ms","level":"info","message":"Request completed","method":"GET","path":"/uploads/1770118739691.png","requestId":"1771225880693-dipzw8zfe","service":"backend-api","statusCode":304,"timestamp":"2026-02-16T07:11:20.694Z"}
{"duration":"3ms","level":"info","message":"Request completed","method":"GET","path":"/uploads/1770118704676.png","requestId":"1771225880696-44d4bfcb6","service":"backend-api","statusCode":304,"timestamp":"2026-02-16T07:11:20.700Z"}
{"duration":"4ms","level":"info","message":"Request completed","method":"GET","path":"/uploads/1770115982499.webp","requestId":"1771225880698-0e2xa6bqk","service":"backend-api","statusCode":304,"timestamp":"2026-02-16T07:11:20.702Z"}
{"duration":"18ms","level":"info","message":"Request completed","method":"GET","path":"/api/categories?status=active&isDeleted=false","requestId":"1771225882506-k2mmeea32","service":"backend-api","statusCode":304,"timestamp":"2026-02-16T07:11:22.524Z"}
{"duration":"13ms","level":"info","message":"Request completed","method":"GET","path":"/api/products?status=active&isDeleted=false&category=6981cf41e968ee53027f947c&limit=100","requestId":"1771225882528-jdnyfi3dc","service":"backend-api","statusCode":200,"timestamp":"2026-02-16T07:11:22.542Z"}
{"duration":"22ms","level":"info","message":"Request completed","method":"GET","path":"/api/categories?status=active&isDeleted=false","requestId":"1771225882526-6gp8o6yll","service":"backend-api","statusCode":304,"timestamp":"2026-02-16T07:11:22.548Z"}
{"duration":"7ms","level":"info","message":"Request completed","method":"GET","path":"/api/products?status=active&isDeleted=false&category=6981cf41e968ee53027f947c&limit=100","requestId":"1771225882560-31l5bqac3","service":"backend-api","statusCode":304,"timestamp":"2026-02-16T07:11:22.567Z"}
{"duration":"19ms","level":"info","message":"Request completed","method":"GET","path":"/api/categories?status=active&isDeleted=false","requestId":"1771225886404-i0js0wsas","service":"backend-api","statusCode":304,"timestamp":"2026-02-16T07:11:26.423Z"}
{"duration":"26ms","level":"info","message":"Request completed","method":"GET","path":"/api/categories?status=active&isDeleted=false","requestId":"1771225886424-w75b8wnlu","service":"backend-api","statusCode":304,"timestamp":"2026-02-16T07:11:26.452Z"}
{"duration":"25ms","level":"info","message":"Request completed","method":"GET","path":"/api/products?status=active&isDeleted=false&limit=50","requestId":"1771225886428-6tjcz49kx","service":"backend-api","statusCode":304,"timestamp":"2026-02-16T07:11:26.454Z"}
{"duration":"14ms","level":"info","message":"Request completed","method":"GET","path":"/api/products?status=active&isDeleted=false&limit=50","requestId":"1771225886455-nvx72jplp","service":"backend-api","statusCode":304,"timestamp":"2026-02-16T07:11:26.469Z"}
{"level":"info","message":"Server started successfully","service":"backend-api","timestamp":"2026-02-16T07:11:37.707Z"}
{"level":"info","message":"🚀 Server URL: http://localhost:5000","service":"backend-api","timestamp":"2026-02-16T07:11:37.712Z"}
{"level":"info","message":"📊 Health Check: http://localhost:5000/health","service":"backend-api","timestamp":"2026-02-16T07:11:37.713Z"}
{"level":"info","message":"Server started successfully","service":"backend-api","timestamp":"2026-02-16T07:12:19.067Z"}
{"level":"info","message":"🚀 Server URL: http://localhost:5000","service":"backend-api","timestamp":"2026-02-16T07:12:19.073Z"}
{"level":"info","message":"📊 Health Check: http://localhost:5000/health","service":"backend-api","timestamp":"2026-02-16T07:12:19.074Z"}
{"duration":"39ms","level":"info","message":"Request completed","method":"GET","path":"/api/inventory/stats?","requestId":"1771225946672-x53nlpqz9","service":"backend-api","statusCode":304,"timestamp":"2026-02-16T07:12:26.713Z"}
{"duration":"40ms","level":"info","message":"Request completed","method":"GET","path":"/api/warehouses","requestId":"1771225946678-04bvcqhna","service":"backend-api","statusCode":304,"timestamp":"2026-02-16T07:12:26.718Z"}
{"duration":"8ms","level":"info","message":"Request completed","method":"GET","path":"/api/inventory/stats?","requestId":"1771225946732-nb7553jwd","service":"backend-api","statusCode":304,"timestamp":"2026-02-16T07:12:26.741Z"}
{"duration":"11ms","level":"info","message":"Request completed","method":"GET","path":"/api/warehouses","requestId":"1771225946734-sgsxve5xd","service":"backend-api","statusCode":304,"timestamp":"2026-02-16T07:12:26.745Z"}
{"duration":"92ms","level":"info","message":"Request completed","method":"GET","path":"/api/inventory?page=1&limit=50","requestId":"1771225946659-yek66p7pm","service":"backend-api","statusCode":304,"timestamp":"2026-02-16T07:12:26.754Z"}
{"duration":"30ms","level":"info","message":"Request completed","method":"GET","path":"/api/inventory?page=1&limit=50","requestId":"1771225946756-64tnmyg9t","service":"backend-api","statusCode":304,"timestamp":"2026-02-16T07:12:26.787Z"}
{"level":"info","message":"Server started successfully","service":"backend-api","timestamp":"2026-02-16T07:35:04.292Z"}
{"level":"info","message":"🚀 Server URL: http://localhost:5000","service":"backend-api","timestamp":"2026-02-16T07:35:04.297Z"}
{"level":"info","message":"📊 Health Check: http://localhost:5000/health","service":"backend-api","timestamp":"2026-02-16T07:35:04.298Z"}
{"level":"info","message":"Server started successfully","service":"backend-api","timestamp":"2026-02-16T07:35:14.938Z"}
{"level":"info","message":"🚀 Server URL: http://localhost:5000","service":"backend-api","timestamp":"2026-02-16T07:35:14.940Z"}
{"level":"info","message":"📊 Health Check: http://localhost:5000/health","service":"backend-api","timestamp":"2026-02-16T07:35:14.941Z"}
{"duration":"40ms","level":"info","message":"Request completed","method":"GET","path":"/api/categories/tree","requestId":"1771227317031-nzd2272tl","service":"backend-api","statusCode":304,"timestamp":"2026-02-16T07:35:17.074Z"}
{"duration":"33ms","level":"info","message":"Request completed","method":"GET","path":"/api/categories/stats","requestId":"1771227317044-61hixdzls","service":"backend-api","statusCode":304,"timestamp":"2026-02-16T07:35:17.078Z"}
{"duration":"62ms","level":"info","message":"Request completed","method":"GET","path":"/api/categories/tree","requestId":"1771227317080-a7vywqghr","service":"backend-api","statusCode":304,"timestamp":"2026-02-16T07:35:17.142Z"}
{"duration":"90ms","level":"info","message":"Request completed","method":"GET","path":"/api/categories/stats","requestId":"1771227317083-35ob947a4","service":"backend-api","statusCode":304,"timestamp":"2026-02-16T07:35:17.173Z"}
{"duration":"67ms","level":"info","message":"Request completed","method":"GET","path":"/api/products","requestId":"1771227320276-qir6daf8f","service":"backend-api","statusCode":304,"timestamp":"2026-02-16T07:35:20.343Z"}
{"duration":"68ms","level":"info","message":"Request completed","method":"GET","path":"/api/categories?status=active","requestId":"1771227320282-8yl0g2jkw","service":"backend-api","statusCode":304,"timestamp":"2026-02-16T07:35:20.350Z"}
{"duration":"42ms","level":"info","message":"Request completed","method":"GET","path":"/api/products","requestId":"1771227320353-ntakkahc8","service":"backend-api","statusCode":304,"timestamp":"2026-02-16T07:35:20.395Z"}
{"duration":"51ms","level":"info","message":"Request completed","method":"GET","path":"/api/categories?status=active","requestId":"1771227320356-eifl1kzfm","service":"backend-api","statusCode":304,"timestamp":"2026-02-16T07:35:20.407Z"}
{"duration":"4ms","level":"info","message":"Request completed","method":"GET","path":"/uploads/1770804154384.jpg","requestId":"1771227320457-53zgbh5ju","service":"backend-api","statusCode":304,"timestamp":"2026-02-16T07:35:20.461Z"}
{"duration":"7ms","level":"info","message":"Request completed","method":"GET","path":"/uploads/1770788596636.webp","requestId":"1771227320458-ule01w1jh","service":"backend-api","statusCode":304,"timestamp":"2026-02-16T07:35:20.466Z"}
{"duration":"42ms","level":"info","message":"Request completed","method":"GET","path":"/api/products/698c53ba0e032963a2a1917c","requestId":"1771227322078-myxgtj7f5","service":"backend-api","statusCode":304,"timestamp":"2026-02-16T07:35:22.120Z"}
{"duration":"42ms","level":"info","message":"Request completed","method":"GET","path":"/api/sizes?status=active","requestId":"1771227322082-wknwu854n","service":"backend-api","statusCode":304,"timestamp":"2026-02-16T07:35:22.125Z"}
{"duration":"56ms","level":"info","message":"Request completed","method":"GET","path":"/api/colors?status=active","requestId":"1771227322085-uz4pqkd5d","service":"backend-api","statusCode":304,"timestamp":"2026-02-16T07:35:22.141Z"}
{"duration":"54ms","level":"info","message":"Request completed","method":"GET","path":"/api/variants/product/698c53ba0e032963a2a1917c","requestId":"1771227322100-xt5mwt3bh","service":"backend-api","statusCode":304,"timestamp":"2026-02-16T07:35:22.154Z"}
{"duration":"35ms","level":"info","message":"Request completed","method":"GET","path":"/api/products/698c53ba0e032963a2a1917c","requestId":"1771227322142-5a7amrcjx","service":"backend-api","statusCode":304,"timestamp":"2026-02-16T07:35:22.177Z"}
{"duration":"36ms","level":"info","message":"Request completed","method":"GET","path":"/api/sizes?status=active","requestId":"1771227322146-8dt55e4xo","service":"backend-api","statusCode":304,"timestamp":"2026-02-16T07:35:22.182Z"}
{"duration":"34ms","level":"info","message":"Request completed","method":"GET","path":"/api/colors?status=active","requestId":"1771227322155-arhmo39lx","service":"backend-api","statusCode":304,"timestamp":"2026-02-16T07:35:22.190Z"}
{"duration":"26ms","level":"info","message":"Request completed","method":"GET","path":"/api/variants/product/698c53ba0e032963a2a1917c","requestId":"1771227322168-vjh52qgew","service":"backend-api","statusCode":304,"timestamp":"2026-02-16T07:35:22.195Z"}
{"duration":"3ms","level":"info","message":"Request completed","method":"GET","path":"/uploads/1770804290685.jpg","requestId":"1771227322227-p1t0f3iyl","service":"backend-api","statusCode":304,"timestamp":"2026-02-16T07:35:22.231Z"}
{"duration":"2ms","level":"info","message":"Request completed","method":"GET","path":"/uploads/1770804290689.jpg","requestId":"1771227322233-tvfg38jyj","service":"backend-api","statusCode":304,"timestamp":"2026-02-16T07:35:22.236Z"}
{"duration":"3ms","level":"info","message":"Request completed","method":"GET","path":"/uploads/1770804290701.jpg","requestId":"1771227322235-b6veblshh","service":"backend-api","statusCode":304,"timestamp":"2026-02-16T07:35:22.238Z"}
{"duration":"3ms","level":"info","message":"Request completed","method":"GET","path":"/uploads/1770804290702.jpg","requestId":"1771227322236-7u4fx7d8z","service":"backend-api","statusCode":304,"timestamp":"2026-02-16T07:35:22.240Z"}
{"duration":"36ms","level":"info","message":"Request completed","method":"GET","path":"/api/products/698c53ba0e032963a2a1917c","requestId":"1771227322268-6xtm8aiu4","service":"backend-api","statusCode":304,"timestamp":"2026-02-16T07:35:22.304Z"}
{"duration":"47ms","level":"info","message":"Request completed","method":"GET","path":"/api/sizes?status=active&limit=100","requestId":"1771227322270-ose4z846i","service":"backend-api","statusCode":304,"timestamp":"2026-02-16T07:35:22.317Z"}
{"duration":"41ms","level":"info","message":"Request completed","method":"GET","path":"/api/colors?status=active&limit=100","requestId":"1771227322285-bg384j84p","service":"backend-api","statusCode":304,"timestamp":"2026-02-16T07:35:22.327Z"}
{"duration":"30ms","level":"info","message":"Request completed","method":"GET","path":"/api/products/698c53ba0e032963a2a1917c","requestId":"1771227322319-h1dsinppc","service":"backend-api","statusCode":304,"timestamp":"2026-02-16T07:35:22.350Z"}
{"duration":"27ms","level":"info","message":"Request completed","method":"GET","path":"/api/sizes?status=active&limit=100","requestId":"1771227322331-efn28gojl","service":"backend-api","statusCode":304,"timestamp":"2026-02-16T07:35:22.359Z"}
{"duration":"29ms","level":"info","message":"Request completed","method":"GET","path":"/api/colors?status=active&limit=100","requestId":"1771227322338-vnygwnoiy","service":"backend-api","statusCode":304,"timestamp":"2026-02-16T07:35:22.367Z"}
{"duration":"15ms","level":"info","message":"Request completed","method":"GET","path":"/api/categories?status=active&isDeleted=false","requestId":"1771227340853-kl6v1b8zx","service":"backend-api","statusCode":304,"timestamp":"2026-02-16T07:35:40.868Z"}
{"duration":"20ms","level":"info","message":"Request completed","method":"GET","path":"/api/categories?status=active&isDeleted=false","requestId":"1771227340869-l5dgati6y","service":"backend-api","statusCode":304,"timestamp":"2026-02-16T07:35:40.889Z"}
{"duration":"19ms","level":"info","message":"Request completed","method":"GET","path":"/api/products?status=active&isDeleted=false&limit=50","requestId":"1771227340876-87aah5hgq","service":"backend-api","statusCode":304,"timestamp":"2026-02-16T07:35:40.895Z"}
{"duration":"5ms","level":"info","message":"Request completed","method":"GET","path":"/uploads/1770117636878.png","requestId":"1771227340908-awg7lmaqy","service":"backend-api","statusCode":304,"timestamp":"2026-02-16T07:35:40.914Z"}
{"duration":"21ms","level":"info","message":"Request completed","method":"GET","path":"/api/products?status=active&isDeleted=false&limit=50","requestId":"1771227340897-t1k9em4b4","service":"backend-api","statusCode":304,"timestamp":"2026-02-16T07:35:40.918Z"}
{"duration":"4ms","level":"info","message":"Request completed","method":"GET","path":"/uploads/1770117771395.png","requestId":"1771227340915-e33eexs9e","service":"backend-api","statusCode":304,"timestamp":"2026-02-16T07:35:40.919Z"}
{"duration":"4ms","level":"info","message":"Request completed","method":"GET","path":"/uploads/1770117853024.png","requestId":"1771227340920-brtq7os61","service":"backend-api","statusCode":304,"timestamp":"2026-02-16T07:35:40.924Z"}
{"duration":"5ms","level":"info","message":"Request completed","method":"GET","path":"/uploads/1770117925679.png","requestId":"1771227340921-cqjdjkfqi","service":"backend-api","statusCode":304,"timestamp":"2026-02-16T07:35:40.926Z"}
{"duration":"5ms","level":"info","message":"Request completed","method":"GET","path":"/uploads/1770117984491.png","requestId":"1771227340922-bttcar7g1","service":"backend-api","statusCode":304,"timestamp":"2026-02-16T07:35:40.927Z"}
{"duration":"5ms","level":"info","message":"Request completed","method":"GET","path":"/uploads/1770118254156.png","requestId":"1771227340923-yw4pij126","service":"backend-api","statusCode":304,"timestamp":"2026-02-16T07:35:40.928Z"}
{"duration":"3ms","level":"info","message":"Request completed","method":"GET","path":"/uploads/1770118319852.png","requestId":"1771227340930-84z2ys8wa","service":"backend-api","statusCode":304,"timestamp":"2026-02-16T07:35:40.933Z"}
{"duration":"3ms","level":"info","message":"Request completed","method":"GET","path":"/uploads/1770117430398.png","requestId":"1771227340931-8mneolxyj","service":"backend-api","statusCode":304,"timestamp":"2026-02-16T07:35:40.934Z"}
{"duration":"1ms","level":"info","message":"Request completed","method":"GET","path":"/uploads/1770117487912.png","requestId":"1771227340934-umjweln9o","service":"backend-api","statusCode":304,"timestamp":"2026-02-16T07:35:40.936Z"}
{"duration":"2ms","level":"info","message":"Request completed","method":"GET","path":"/uploads/1770117373710.png","requestId":"1771227340935-2zqthdree","service":"backend-api","statusCode":304,"timestamp":"2026-02-16T07:35:40.937Z"}
{"duration":"3ms","level":"info","message":"Request completed","method":"GET","path":"/uploads/1770118553304.png","requestId":"1771227340935-tmjhf0mue","service":"backend-api","statusCode":304,"timestamp":"2026-02-16T07:35:40.938Z"}
{"duration":"4ms","level":"info","message":"Request completed","method":"GET","path":"/uploads/1770118630377.png","requestId":"1771227340936-2opwy0605","service":"backend-api","statusCode":304,"timestamp":"2026-02-16T07:35:40.940Z"}
{"duration":"1ms","level":"info","message":"Request completed","method":"GET","path":"/uploads/1770118739691.png","requestId":"1771227340942-db909aa1c","service":"backend-api","statusCode":304,"timestamp":"2026-02-16T07:35:40.944Z"}
{"duration":"2ms","level":"info","message":"Request completed","method":"GET","path":"/uploads/1770118704676.png","requestId":"1771227340943-cwongks90","service":"backend-api","statusCode":304,"timestamp":"2026-02-16T07:35:40.945Z"}
{"duration":"1ms","level":"info","message":"Request completed","method":"GET","path":"/uploads/1770115982499.webp","requestId":"1771227340946-g5grmzkzh","service":"backend-api","statusCode":304,"timestamp":"2026-02-16T07:35:40.948Z"}
{"duration":"1ms","level":"info","message":"Request completed","method":"GET","path":"/uploads/1770788596636.webp","requestId":"1771227340947-ed74gqaho","service":"backend-api","statusCode":304,"timestamp":"2026-02-16T07:35:40.949Z"}
{"duration":"20ms","level":"info","message":"Request completed","method":"GET","path":"/api/categories?status=active&isDeleted=false","requestId":"1771227344154-69686oxsz","service":"backend-api","statusCode":304,"timestamp":"2026-02-16T07:35:44.174Z"}
{"duration":"29ms","level":"info","message":"Request completed","method":"GET","path":"/api/categories?status=active&isDeleted=false","requestId":"1771227344175-4y5kanhhc","service":"backend-api","statusCode":304,"timestamp":"2026-02-16T07:35:44.204Z"}
{"duration":"28ms","level":"info","message":"Request completed","method":"GET","path":"/api/products?status=active&isDeleted=false&category=6978589989f9728a1ee3b8ec&limit=100","requestId":"1771227344178-mfs82nt00","service":"backend-api","statusCode":304,"timestamp":"2026-02-16T07:35:44.207Z"}
{"duration":"13ms","level":"info","message":"Request completed","method":"GET","path":"/api/products?status=active&isDeleted=false&category=6978589989f9728a1ee3b8ec&limit=100","requestId":"1771227344208-kjit7tyl4","service":"backend-api","statusCode":304,"timestamp":"2026-02-16T07:35:44.221Z"}
{"duration":"1ms","level":"info","message":"Request completed","method":"GET","path":"/uploads/1770804154384.jpg","requestId":"1771227344227-65572zckw","service":"backend-api","statusCode":304,"timestamp":"2026-02-16T07:35:44.229Z"}
{"duration":"18ms","level":"info","message":"Request completed","method":"GET","path":"/api/products/slug/apple-iphone-17-pro-max","requestId":"1771227345373-x4tznu59v","service":"backend-api","statusCode":304,"timestamp":"2026-02-16T07:35:45.391Z"}
{"duration":"15ms","level":"info","message":"Request completed","method":"GET","path":"/api/inventory/product/698c53ba0e032963a2a1917c","requestId":"1771227345402-m75k4g04c","service":"backend-api","statusCode":200,"timestamp":"2026-02-16T07:35:45.417Z"}
{"duration":"27ms","level":"info","message":"Request completed","method":"GET","path":"/api/products/slug/apple-iphone-17-pro-max","requestId":"1771227345393-7049480zy","service":"backend-api","statusCode":304,"timestamp":"2026-02-16T07:35:45.420Z"}
{"duration":"24ms","level":"info","message":"Request completed","method":"GET","path":"/api/variants?productId=698c53ba0e032963a2a1917c","requestId":"1771227345400-azoyifptm","service":"backend-api","statusCode":200,"timestamp":"2026-02-16T07:35:45.424Z"}
{"duration":"6ms","level":"info","message":"Request completed","method":"GET","path":"/api/inventory/product/698c53ba0e032963a2a1917c","requestId":"1771227345426-76opayuqv","service":"backend-api","statusCode":304,"timestamp":"2026-02-16T07:35:45.432Z"}
{"duration":"17ms","level":"info","message":"Request completed","method":"GET","path":"/api/variants?productId=698c53ba0e032963a2a1917c","requestId":"1771227345428-f2jneqfcl","service":"backend-api","statusCode":304,"timestamp":"2026-02-16T07:35:45.445Z"}
{"duration":"14ms","level":"info","message":"Request completed","method":"GET","path":"/api/attribute-types","requestId":"1771227345439-727a99w1w","service":"backend-api","statusCode":304,"timestamp":"2026-02-16T07:35:45.453Z"}
{"duration":"9ms","level":"info","message":"Request completed","method":"GET","path":"/api/attribute-types","requestId":"1771227345454-lzxicb9hk","service":"backend-api","statusCode":304,"timestamp":"2026-02-16T07:35:45.463Z"}
{"duration":"22ms","level":"info","message":"Request completed","method":"GET","path":"/api/products","requestId":"1771227361245-4pdqp9op2","service":"backend-api","statusCode":304,"timestamp":"2026-02-16T07:36:01.267Z"}
{"duration":"21ms","level":"info","message":"Request completed","method":"GET","path":"/api/categories?status=active","requestId":"1771227361248-w0xxv880q","service":"backend-api","statusCode":304,"timestamp":"2026-02-16T07:36:01.270Z"}
{"duration":"24ms","level":"info","message":"Request completed","method":"GET","path":"/api/products","requestId":"1771227361271-h7atdrtkl","service":"backend-api","statusCode":304,"timestamp":"2026-02-16T07:36:01.295Z"}
{"duration":"28ms","level":"info","message":"Request completed","method":"GET","path":"/api/categories?status=active","requestId":"1771227361272-8c1owwy9y","service":"backend-api","statusCode":304,"timestamp":"2026-02-16T07:36:01.300Z"}
{"duration":"1ms","level":"info","message":"Request completed","method":"GET","path":"/uploads/1770788596636.webp","requestId":"1771227361321-rtdn8xeav","service":"backend-api","statusCode":304,"timestamp":"2026-02-16T07:36:01.323Z"}
{"duration":"20ms","level":"info","message":"Request completed","method":"GET","path":"/api/products/698c53ba0e032963a2a1917c","requestId":"1771227361886-4jcqcp68k","service":"backend-api","statusCode":304,"timestamp":"2026-02-16T07:36:01.906Z"}
{"duration":"30ms","level":"info","message":"Request completed","method":"GET","path":"/api/sizes?status=active","requestId":"1771227361888-g9gi3jnuw","service":"backend-api","statusCode":304,"timestamp":"2026-02-16T07:36:01.918Z"}
{"duration":"29ms","level":"info","message":"Request completed","method":"GET","path":"/api/colors?status=active","requestId":"1771227361895-r7f1k2ffm","service":"backend-api","statusCode":304,"timestamp":"2026-02-16T07:36:01.924Z"}
{"duration":"30ms","level":"info","message":"Request completed","method":"GET","path":"/api/variants/product/698c53ba0e032963a2a1917c","requestId":"1771227361898-5vuozps16","service":"backend-api","statusCode":304,"timestamp":"2026-02-16T07:36:01.930Z"}
{"duration":"22ms","level":"info","message":"Request completed","method":"GET","path":"/api/products/698c53ba0e032963a2a1917c","requestId":"1771227361920-2s76nsmpt","service":"backend-api","statusCode":304,"timestamp":"2026-02-16T07:36:01.942Z"}
{"duration":"21ms","level":"info","message":"Request completed","method":"GET","path":"/api/sizes?status=active","requestId":"1771227361931-jd7mh34ak","service":"backend-api","statusCode":304,"timestamp":"2026-02-16T07:36:01.952Z"}
{"duration":"21ms","level":"info","message":"Request completed","method":"GET","path":"/api/colors?status=active","requestId":"1771227361935-3y1mjbbzl","service":"backend-api","statusCode":304,"timestamp":"2026-02-16T07:36:01.956Z"}
{"duration":"22ms","level":"info","message":"Request completed","method":"GET","path":"/api/variants/product/698c53ba0e032963a2a1917c","requestId":"1771227361937-zxyjp7v2o","service":"backend-api","statusCode":304,"timestamp":"2026-02-16T07:36:01.959Z"}
{"duration":"18ms","level":"info","message":"Request completed","method":"GET","path":"/api/products/698c53ba0e032963a2a1917c","requestId":"1771227362027-5g0fo4wgd","service":"backend-api","statusCode":304,"timestamp":"2026-02-16T07:36:02.045Z"}
{"duration":"25ms","level":"info","message":"Request completed","method":"GET","path":"/api/sizes?status=active&limit=100","requestId":"1771227362029-djn9r1yv3","service":"backend-api","statusCode":304,"timestamp":"2026-02-16T07:36:02.054Z"}
{"duration":"21ms","level":"info","message":"Request completed","method":"GET","path":"/api/colors?status=active&limit=100","requestId":"1771227362037-b7gm5pefg","service":"backend-api","statusCode":304,"timestamp":"2026-02-16T07:36:02.058Z"}
{"duration":"18ms","level":"info","message":"Request completed","method":"GET","path":"/api/products/698c53ba0e032963a2a1917c","requestId":"1771227362055-u8r396eg5","service":"backend-api","statusCode":304,"timestamp":"2026-02-16T07:36:02.073Z"}
{"duration":"24ms","level":"info","message":"Request completed","method":"GET","path":"/api/sizes?status=active&limit=100","requestId":"1771227362059-ylceua6wc","service":"backend-api","statusCode":304,"timestamp":"2026-02-16T07:36:02.083Z"}
{"duration":"21ms","level":"info","message":"Request completed","method":"GET","path":"/api/colors?status=active&limit=100","requestId":"1771227362065-bxetkpyjx","service":"backend-api","statusCode":304,"timestamp":"2026-02-16T07:36:02.087Z"}
{"duration":"15ms","level":"info","message":"Request completed","method":"GET","path":"/api/products?search=&limit=10&status=active","requestId":"1771227363591-iut2v2qu6","service":"backend-api","statusCode":200,"timestamp":"2026-02-16T07:36:03.607Z"}
{"duration":"1ms","level":"info","message":"Request completed","method":"GET","path":"/uploads/1770788596636.webp","requestId":"1771227363615-76ux5onna","service":"backend-api","statusCode":304,"timestamp":"2026-02-16T07:36:03.616Z"}
{"duration":"16ms","level":"info","message":"Request completed","method":"GET","path":"/api/products/698c16f46d627036d3cb56f7","requestId":"1771227364601-0eollu8jx","service":"backend-api","statusCode":200,"timestamp":"2026-02-16T07:36:04.618Z"}
{"duration":"20ms","level":"info","message":"Request completed","method":"GET","path":"/api/sizes?status=active","requestId":"1771227364603-s2deokjy3","service":"backend-api","statusCode":304,"timestamp":"2026-02-16T07:36:04.623Z"}
{"duration":"21ms","level":"info","message":"Request completed","method":"GET","path":"/api/colors?status=active","requestId":"1771227364605-r7n6rzm7y","service":"backend-api","statusCode":304,"timestamp":"2026-02-16T07:36:04.626Z"}
{"duration":"15ms","level":"info","message":"Request completed","method":"GET","path":"/api/variants/product/698c16f46d627036d3cb56f7","requestId":"1771227364619-paibgif4q","service":"backend-api","statusCode":200,"timestamp":"2026-02-16T07:36:04.634Z"}
{"duration":"1ms","level":"info","message":"Request completed","method":"GET","path":"/uploads/1770789140040.jpg","requestId":"1771227364682-m11m7b24q","service":"backend-api","statusCode":304,"timestamp":"2026-02-16T07:36:04.684Z"}
{"duration":"3ms","level":"info","message":"Request completed","method":"GET","path":"/uploads/1770788629548.jpg","requestId":"1771227364683-ja7gh02ov","service":"backend-api","statusCode":304,"timestamp":"2026-02-16T07:36:04.686Z"}
{"duration":"24ms","level":"info","message":"Request completed","method":"GET","path":"/api/products/698c16f46d627036d3cb56f7","requestId":"1771227364693-c5gy470ei","service":"backend-api","statusCode":304,"timestamp":"2026-02-16T07:36:04.717Z"}
{"duration":"28ms","level":"info","message":"Request completed","method":"GET","path":"/api/sizes?status=active&limit=100","requestId":"1771227364697-b5engktep","service":"backend-api","statusCode":304,"timestamp":"2026-02-16T07:36:04.725Z"}
{"duration":"27ms","level":"info","message":"Request completed","method":"GET","path":"/api/colors?status=active&limit=100","requestId":"1771227364703-333e76szi","service":"backend-api","statusCode":304,"timestamp":"2026-02-16T07:36:04.731Z"}
{"duration":"35ms","level":"info","message":"Request completed","method":"GET","path":"/api/sizes?status=active&limit=100","requestId":"1771227364732-vosytxyhw","service":"backend-api","statusCode":304,"timestamp":"2026-02-16T07:36:04.768Z"}
{"duration":"47ms","level":"info","message":"Request completed","method":"GET","path":"/api/products/698c16f46d627036d3cb56f7","requestId":"1771227364725-llvh6yrtd","service":"backend-api","statusCode":304,"timestamp":"2026-02-16T07:36:04.773Z"}
{"duration":"48ms","level":"info","message":"Request completed","method":"GET","path":"/api/colors?status=active&limit=100","requestId":"1771227364739-byaa70vrr","service":"backend-api","statusCode":304,"timestamp":"2026-02-16T07:36:04.787Z"}
{"duration":"7ms","level":"info","message":"Request completed","method":"PUT","path":"/api/variants/698c17186d627036d3cb5732","requestId":"1771227374404-1minlkkon","service":"backend-api","statusCode":500,"timestamp":"2026-02-16T07:36:14.425Z"}
{"duration":"2ms","level":"info","message":"Request completed","method":"PUT","path":"/api/variants/698c1916d0562bc921b2af57","requestId":"1771227374425-yf6s4yi1s","service":"backend-api","statusCode":500,"timestamp":"2026-02-16T07:36:14.428Z"}
{"duration":"19ms","level":"info","message":"Request completed","method":"GET","path":"/api/products/698c16f46d627036d3cb56f7","requestId":"1771227386346-3exoa142p","service":"backend-api","statusCode":304,"timestamp":"2026-02-16T07:36:26.366Z"}
{"duration":"23ms","level":"info","message":"Request completed","method":"GET","path":"/api/sizes?status=active","requestId":"1771227386350-e6k507ehd","service":"backend-api","statusCode":304,"timestamp":"2026-02-16T07:36:26.373Z"}
{"duration":"24ms","level":"info","message":"Request completed","method":"GET","path":"/api/colors?status=active","requestId":"1771227386356-a415rggmz","service":"backend-api","statusCode":304,"timestamp":"2026-02-16T07:36:26.380Z"}
{"duration":"27ms","level":"info","message":"Request completed","method":"GET","path":"/api/variants/product/698c16f46d627036d3cb56f7","requestId":"1771227386357-wu6olc4ea","service":"backend-api","statusCode":304,"timestamp":"2026-02-16T07:36:26.384Z"}
{"duration":"31ms","level":"info","message":"Request completed","method":"GET","path":"/api/products/698c16f46d627036d3cb56f7","requestId":"1771227386374-pe07g64ps","service":"backend-api","statusCode":304,"timestamp":"2026-02-16T07:36:26.405Z"}
{"duration":"35ms","level":"info","message":"Request completed","method":"GET","path":"/api/sizes?status=active","requestId":"1771227386385-wfspckggs","service":"backend-api","statusCode":304,"timestamp":"2026-02-16T07:36:26.420Z"}
{"duration":"32ms","level":"info","message":"Request completed","method":"GET","path":"/api/colors?status=active","requestId":"1771227386392-r5maq8u8p","service":"backend-api","statusCode":304,"timestamp":"2026-02-16T07:36:26.424Z"}
{"duration":"34ms","level":"info","message":"Request completed","method":"GET","path":"/api/variants/product/698c16f46d627036d3cb56f7","requestId":"1771227386396-suaxi1l72","service":"backend-api","statusCode":304,"timestamp":"2026-02-16T07:36:26.430Z"}
{"duration":"1ms","level":"info","message":"Request completed","method":"GET","path":"/uploads/1770788596636.webp","requestId":"1771227386442-vvni55q8r","service":"backend-api","statusCode":304,"timestamp":"2026-02-16T07:36:26.444Z"}
{"duration":"1ms","level":"info","message":"Request completed","method":"GET","path":"/uploads/1770788629548.jpg","requestId":"1771227386455-i6icg9ocf","service":"backend-api","statusCode":304,"timestamp":"2026-02-16T07:36:26.456Z"}
{"duration":"0ms","level":"info","message":"Request completed","method":"GET","path":"/uploads/1770789140040.jpg","requestId":"1771227386461-e0hwfryhr","service":"backend-api","statusCode":304,"timestamp":"2026-02-16T07:36:26.463Z"}
{"duration":"25ms","level":"info","message":"Request completed","method":"GET","path":"/api/products/698c16f46d627036d3cb56f7","requestId":"1771227386491-qdvxcguyw","service":"backend-api","statusCode":304,"timestamp":"2026-02-16T07:36:26.516Z"}
{"duration":"30ms","level":"info","message":"Request completed","method":"GET","path":"/api/sizes?status=active&limit=100","requestId":"1771227386496-0luii9lz3","service":"backend-api","statusCode":304,"timestamp":"2026-02-16T07:36:26.526Z"}
{"duration":"28ms","level":"info","message":"Request completed","method":"GET","path":"/api/colors?status=active&limit=100","requestId":"1771227386502-zvn12rx3o","service":"backend-api","statusCode":304,"timestamp":"2026-02-16T07:36:26.531Z"}
{"duration":"25ms","level":"info","message":"Request completed","method":"GET","path":"/api/products/698c16f46d627036d3cb56f7","requestId":"1771227386527-su5q5d769","service":"backend-api","statusCode":304,"timestamp":"2026-02-16T07:36:26.553Z"}
{"duration":"32ms","level":"info","message":"Request completed","method":"GET","path":"/api/sizes?status=active&limit=100","requestId":"1771227386534-0f1wfvugj","service":"backend-api","statusCode":304,"timestamp":"2026-02-16T07:36:26.566Z"}
{"duration":"28ms","level":"info","message":"Request completed","method":"GET","path":"/api/colors?status=active&limit=100","requestId":"1771227386540-qvbour62c","service":"backend-api","statusCode":304,"timestamp":"2026-02-16T07:36:26.568Z"}
{"duration":"3ms","level":"info","message":"Request completed","method":"PUT","path":"/api/variants/698c17186d627036d3cb5732","requestId":"1771227393235-us0caf9q6","service":"backend-api","statusCode":500,"timestamp":"2026-02-16T07:36:33.239Z"}
{"duration":"3ms","level":"info","message":"Request completed","method":"PUT","path":"/api/variants/698c1916d0562bc921b2af57","requestId":"1771227393241-gewqyo7gb","service":"backend-api","statusCode":500,"timestamp":"2026-02-16T07:36:33.245Z"}
